<?xml version="1.0" encoding="UTF-8"?>
<!-- Generated by org.testng.reporters.JUnitReportReporter -->
<testsuite skipped="0" hostname="MDTR02" name="com.maveric.test.MaveriConnectTest" tests="1" failures="0" timestamp="08 Mar 2019 05:59:33 GMT" time="11.055" errors="0">
  <testcase name="negativeCredentialCheckwithPOM" time="11.055" classname="com.maveric.test.MaveriConnectTest"/>
</testsuite> <!-- com.maveric.test.MaveriConnectTest -->
