<?xml version="1.0" encoding="UTF-8"?>
<!-- Generated by org.testng.reporters.JUnitReportReporter -->
<testsuite skipped="0" hostname="MDTR02" name="com.maveric.reference.BaseTest" tests="3" failures="0" timestamp="11 Mar 2019 03:48:39 GMT" time="57.627" errors="0">
  <testcase name="testMethod2" time="47.641" classname="com.maveric.reference.BaseTest"/>
  <testcase name="testMethod2" time="6.959" classname="com.maveric.reference.BaseTest"/>
  <testcase name="testMethod2" time="3.027" classname="com.maveric.reference.BaseTest"/>
</testsuite> <!-- com.maveric.reference.BaseTest -->
