<?xml version="1.0" encoding="UTF-8"?>
<!-- Generated by org.testng.reporters.JUnitReportReporter -->
<testsuite skipped="0" hostname="MDTR02" name="com.maveric.test.MaveriConnectTest" tests="4" failures="0" timestamp="11 Mar 2019 06:04:28 GMT" time="87.623" errors="0">
  <testcase name="negativeCredentialCheckwithPOM" time="18.361" classname="com.maveric.test.MaveriConnectTest"/>
  <testcase name="negativeCredentialCheckwithPOM" time="23.308" classname="com.maveric.test.MaveriConnectTest"/>
  <testcase name="negativeCredentialCheckwithPOM" time="17.252" classname="com.maveric.test.MaveriConnectTest"/>
  <testcase name="negativeCredentialCheckwithPOM" time="28.702" classname="com.maveric.test.MaveriConnectTest"/>
</testsuite> <!-- com.maveric.test.MaveriConnectTest -->
