<?xml version="1.0" encoding="UTF-8"?>
<!-- Generated by org.testng.reporters.JUnitReportReporter -->
<testsuite skipped="0" hostname="MDTR02" name="com.maveric.test.MaveriConnectTest" tests="1" failures="0" timestamp="09 Mar 2019 07:21:57 GMT" time="14.481" errors="0">
  <testcase name="positiveCredentialCheckwithPOM" time="14.481" classname="com.maveric.test.MaveriConnectTest"/>
</testsuite> <!-- com.maveric.test.MaveriConnectTest -->
